#1:
isNL)<ocWnci&kYmZK^F''qh<F'*
#2:
isNL)<ocWnci&kYmZK^F''qh<F'
*
#3:
isNL)<ocWnci&*kYmZK^F''qh<F'

#4:
isNL)<ocWnci&!7=>Q`;BQmZ}VVe+F8+c*YmZK^F''qh<F'

#5:
isNL)<ocWnci&!7=>Q`;BQmZ}VVe+F8+c+*aUW(YmZK^F''qh<F'

#6:
isNL)<ocWnci&!7=>Q`;BQmZ}VVe+F8+c+
*W(YmZK^F''qh<F'

#7:
isNL)<ocWnci&!7=>Q`;BQmZ}VVe+F8+c+

*
W(YmZK^F''qh<F'

#8:
isNL)<ocWnci&!7=>Q`;BQmZ}VVe+F8+c+
*W(YmZK^F''qh<F'

#9:
isNL)<ocWnci&!7=>Q`;BQmZ}VVe+F8+c+
9l[^hZ'*(YmZK^F''qh<F'

#10:
isNL)<ocWnci&!7=>Q`;BQmZ}VVe+F8+c+
9l[^hZ'
${{1%*mZK^F''qh<F'

#11:
isNL)<ocWnci&!7=>Q`;BQmZ}VVe+F8+c+
9l[^hZ'
${{1%,1~W;%t0Hp:*K^F''qh<F'

#12:
isNL)<ocWnci&!7=>Q`;BQmZ}VVe+F8+c+
9l[^hZ'
${{1%,1~W;%t0Hp:
*^F''qh<F'

#13:
isNL)<ocWnci&!7=>Q`;BQmZ}VVe+F8+c+
9l[^hZ'
${{1%,1~W;%t0Hp:

*^F''qh<F'

#14:
isNL)<ocWnci&!7=>Q`;BQmZ}VVe+F8+c+
9l[^hZ'
${{1%,1
~W;%t0Hp:

F''q*h<F'

#15:
isNL)<ocWnci&!7=>Q`;BQmZ}VVe+F8+c+
9l[^hZ'
${{1%,1
~W;%t0Hp:

F''qLiRq='De$XsI6(O[6j?*h<F'

#16:
isNL)<ocWnci&!7=>Q`;BQmZ}VVe+F8+c+
9l[^hZ'
${{1%,1
~W;%t0Hp:

F''qLiRq='De$XsI6(O[6j?<F'
*
#17:
isNL)<ocWnci&!7=>Q`;BQmZ}VVe+F8+c+
9l[^hZ'
${{1%,1
~W;%t0Hp:

F''qLiRq='De$XsI6(O[6j?<F'
TK.U"^['Q^bC^pLc;\~+_tl{'[;XTPWZBMsaf@,*
#18:
isNL)<ocWnci&!7=>Q`;BQmZ}VVe+F8+c+
9l[^hZ'
${{1%,1
~W;%t0Hp:

F''qLiRq='De$XsI6(O[6j?<F'
TK.U"^['Q^bC^pLc;\~+_tl{'[;
*TPWZBMsaf@,
#19:
isNL)<ocWnci&!7=>Q`;BQmZ}VVe+F8+c+
9l[^hZ'
${{1%,1
~W;%t0Hp:
*
F''qLiRq='De$XsI6(O[6j?<F'
TK.U"^['Q^bC^pLc;\~+_tl{'[;

?l6<aGyUs4kK8+TPWZBMsaf@,
#20:
isNL)<ocWnci&!7=>Q`;BQmZ}VVe+F8+c+
9l[^hZ'
${{1%,1
~W;%t0Hp:

#14an)Vli]|<.Nlv$
*F''qLiRq='De$XsI6(O[6j?<F'
TK.U"^['Q^bC^pLc;\~+_tl{'[;

?l6<aGyUs4kK8+TPWZBMsaf@,
#21:
isNL)<ocWnci&!7=>Q`;BQmZ}VVe+F8+c+
9l[^hZ'
${{1%,1
~W;%t0Hp:

#14an)Vli]|<.Nlv$

wlqbSk=Fjz0XU"H\
*''qLiRq='De$XsI6(O[6j?<F'
TK.U"^['Q^bC^pLc;\~+_tl{'[;

?l6<aGyUs4kK8+TPWZBMsaf@,
#22:
is
*L)<ocWnci&!7=>Q`;BQmZ}VVe+F8+c+
9l[^hZ'
${{1%,1
~W;%t0Hp:

#14an)Vli]|<.Nlv$

wlqbSk=Fjz0XU"H\
''qLiRq='De$XsI6(O[6j?<F'
TK.U"^['Q^bC^pLc;\~+_tl{'[;

?l6<aGyUs4kK8+TPWZBMsaf@,
#23:
is

L)<ocW*i&!7=>Q`;BQmZ}VVe+F8+c+
9l[^hZ'
${{1%,1
~W;%t0Hp:

#14an)Vli]|<.Nlv$

wlqbSk=Fjz0XU"H\
''qLiRq='De$XsI6(O[6j?<F'
TK.U"^['Q^bC^pLc;\~+_tl{'[;

?l6<aGyUs4kK8+TPWZBMsaf@,
