#1:
_T-yHl]BV]GM{^Ga*Z1:LOy>mBex*gH3R*mD!L
#2:
_T-yHl]BV

*]GM{^Ga}^/8&O&pZxmD!L
#3:
_T-yHl]BV
2Gy&a*
]GM{^Ga}^/8&O&pZxmD!L
#4:
_T*-y
l]BV
2Gy&a
]GM{^Ga}^/8&O&p*ZxmD!L
#5:
_*T
ZxmD!L
#6:
_T
ZxmD!
Y[=n]H]A<x,1P|i<e*
#7:
_T
ZxmD!
Y[=n]H]A<x,*1P|i<e
#8:
_T:HJzrn6u3b=+}tPTtM*ZxmD!
Y[=n]H]A<x,1P|i<e
#9:
_T:HJzrn6u3b
MZxmD*!
Y[=n]H]A<x,1P|i<e
#10:
*Y[=n]H]A<x,1P|i<e
#11:
T-fv0<0?K"K75Vg2=Y=+}tPTt*=n]H]A<x,1P|i<e
#12:
T-fv0<0?K"K75Vg2=Y=+}tPTt



*=n]H]A<x,1P|i<e
#13:
T-fv0<0?K"K75Vg2=Y=+}tPTt



*

=n]H]A<x,1P|i<e
#14:
T-fv0<0?K"K75Vg2=Y=+}*tPTt

*

(sJ8qy|T[)SROm8

=n]H]A<x,1P|i<e
#15:
T-fv0<0?K"K75Vg2=Y=+}tPTt

tPTt

*

(sJ8qy|T[)SROm8

=n]H]A<x,1$^:s`).'m~/'me(p*:P|i<e
#16:
T-fv0<0?K"K75Vg2=Y=+}tPTt

*



(sJ8qy|T[)SROm8

=n]H]A<x,1$^:s`).'m~/'me(p*:P|i<e
#17:
T-fv0<0?K"K75Vg2=Y=+}tPTt


m<TpRM+X


*(sJ8qy|T[)SROm8

=n]H]A<x,1$^:s`).'m~/'me(p*:P|i<e
#18:
T-fv0<0?K"K75Vg2=Y=+}tPTt


m<TpRM+X
*



(sJ8qy|T[)SROm8

=n]H]A<x,1$^:s`).'m~/'me(p*:P|i<e
